
Showing logs for build [32mjenkins-x-labs-bot-bdd-gh-15862-xxsdl-1[0m stage [32mfrom-build-pack[0m and container [32mstep-credential-initializer-4wq7n[0m
{"level":"warn","ts":1586243320.8706026,"logger":"fallback-logger","caller":"logging/config.go:69","msg":"Fetch GitHub commit ID from kodata failed: \"ref: refs/heads/0.8.0-**-support-backwards-incompats\" is not a valid GitHub commit ID"}
{"level":"info","ts":1586243320.8713484,"logger":"fallback-logger","caller":"creds-init/main.go:40","msg":"Credentials initialized."}

Showing logs for build [32mjenkins-x-labs-bot-bdd-gh-15862-xxsdl-1[0m stage [32mfrom-build-pack[0m and container [32mstep-working-dir-initializer-5zjkf[0m
{"level":"warn","ts":1586243321.285256,"logger":"fallback-logger","caller":"logging/config.go:69","msg":"Fetch GitHub commit ID from kodata failed: open /var/run/ko/HEAD: no such file or directory"}
{"level":"info","ts":1586243321.2866938,"logger":"fallback-logger","caller":"bash/main.go:64","msg":"Successfully executed command \"sh -c mkdir -p /workspace/source\"; output "}

Showing logs for build [32mjenkins-x-labs-bot-bdd-gh-15862-xxsdl-1[0m stage [32mfrom-build-pack[0m and container [32mstep-place-tools[0m

Showing logs for build [32mjenkins-x-labs-bot-bdd-gh-15862-xxsdl-1[0m stage [32mfrom-build-pack[0m and container [32mstep-git-source-jenkins-x-labs-bot-bdd-gh-15862-xxsdl-4gwvm[0m
{"level":"warn","ts":1586243327.4742994,"logger":"fallback-logger","caller":"logging/config.go:69","msg":"Fetch GitHub commit ID from kodata failed: \"ref: refs/heads/0.8.0-**-support-backwards-incompats\" is not a valid GitHub commit ID"}
{"level":"info","ts":1586243328.5207736,"logger":"fallback-logger","caller":"git/git.go:103","msg":"Successfully cloned https://github.com/******************/bdd-gh-1586242880.git @ master in path /workspace/source"}

Showing logs for build [32mjenkins-x-labs-bot-bdd-gh-15862-xxsdl-1[0m stage [32mfrom-build-pack[0m and container [32mstep-git-merge[0m
Using SHAs from PULL_REFS=master:bf799b923fe77a322d7e94adc1a9cc814ee23a92,1:08f1a646699a07a78f9cac7ecedaf0f2c81781c0
DEBUG: LC_ALL=C JX_LOG_LEVEL=error git fetch origin --unshallow 08f1a646699a07a78f9cac7ecedaf0f2c81781c0: bf799b923fe77a322d7e94adc1a9cc814ee23a92:
DEBUG: ran git fetch --unshallow origin 08f1a646699a07a78f9cac7ecedaf0f2c81781c0: bf799b923fe77a322d7e94adc1a9cc814ee23a92: in 
DEBUG: LC_ALL=C JX_LOG_LEVEL=error git branch
DEBUG: LC_ALL=C JX_LOG_LEVEL=error git checkout master
DEBUG: ran git checkout master in 
DEBUG: LC_ALL=C JX_LOG_LEVEL=error git reset --hard bf799b923fe77a322d7e94adc1a9cc814ee23a92
DEBUG: ran git reset --hard bf799b923fe77a322d7e94adc1a9cc814ee23a92 in 
DEBUG: LC_ALL=C JX_LOG_LEVEL=error git clean -fd .
DEBUG: ran clean --force -d . in 
DEBUG: JX_LOG_LEVEL=error LC_ALL=C git merge 08f1a646699a07a78f9cac7ecedaf0f2c81781c0
DEBUG: ran git merge 08f1a646699a07a78f9cac7ecedaf0f2c81781c0 in 
DEBUG: LC_ALL=C JX_LOG_LEVEL=error git log --format=%H%x1f%an%x1f%ae%x1f%cn%x1f%ce%x1f%s%n%b%x1e bf799b923fe77a322d7e94adc1a9cc814ee23a92..HEAD
Merged SHA 08f1a646699a07a78f9cac7ecedaf0f2c81781c0 with commit message 'My first PR commit' into base branch master

Showing logs for build [32mjenkins-x-labs-bot-bdd-gh-15862-xxsdl-1[0m stage [32mfrom-build-pack[0m and container [32mstep-build-make-linux[0m
CGO_ENABLED=0 GOOS=linux GOARCH=amd64 GO15VENDOREXPERIMENT=1 go build -ldflags '' -o bin/bdd-gh-1586242880 main.go

Showing logs for build [32mjenkins-x-labs-bot-bdd-gh-15862-xxsdl-1[0m stage [32mfrom-build-pack[0m and container [32mstep-build-container-build[0m
ERROR: logging before flag.Parse: E0407 07:08:56.275956      12 metadata.go:241] Failed to unmarshal scopes: invalid character 'h' looking for beginning of value
[36mINFO[0m[0000] No base image, nothing to extract            
[36mINFO[0m[0000] cmd: EXPOSE                                  
[36mINFO[0m[0000] Adding exposed port: 8080/tcp                
[36mINFO[0m[0000] Using files from context: [/workspace/source/bin] 
[36mINFO[0m[0000] Skipping unpacking as no commands require it. 
[36mINFO[0m[0000] Taking snapshot of full filesystem...        
[36mINFO[0m[0000] EXPOSE 8080                                  
[36mINFO[0m[0000] cmd: EXPOSE                                  
[36mINFO[0m[0000] Adding exposed port: 8080/tcp                
[36mINFO[0m[0000] No files changed in this command, skipping snapshotting. 
[36mINFO[0m[0000] ENTRYPOINT ["/bdd-gh-1586242880"]            
[36mINFO[0m[0000] No files changed in this command, skipping snapshotting. 
[36mINFO[0m[0000] Using files from context: [/workspace/source/bin] 
[36mINFO[0m[0000] COPY ./bin/ /                                
[36mINFO[0m[0000] Taking snapshot of files...                  
2020/04/07 07:09:00 pushed blob: sha256:3abe3f54ad9bb3e7ca7de842dcfa9794f6c19f278927796f7c03b228f650e402
2020/04/07 07:09:00 pushed blob: sha256:cfa61967bd469dbb6b04b5a5c75aa837613eb1ffd866061e4fc1cea89579c3fd
2020/04/07 07:09:02 gcr.io/jenkins-x-labs-bdd/bdd-gh-1586242880:0.0.0-SNAPSHOT-PR-1-1: digest: sha256:84c4f5b86f0bf39f623d2e118bf516f39c7c21225b1e7f20fba82a599039ac2f size: 428

Showing logs for build [32mjenkins-x-labs-bot-bdd-gh-15862-xxsdl-1[0m stage [32mfrom-build-pack[0m and container [32mstep-postbuild-post-build[0m
no CVE provider running in the current ** namespace so skip adding image to be analysed

Showing logs for build [32mjenkins-x-labs-bot-bdd-gh-15862-xxsdl-1[0m stage [32mfrom-build-pack[0m and container [32mstep-promote-make-preview[0m
sed -i -e "s/version:.*/version: 0.0.0-SNAPSHOT-PR-1-1/" Chart.yaml
sed -i -e "s/version:.*/version: 0.0.0-SNAPSHOT-PR-1-1/" ../*/Chart.yaml
sed -i -e "s|repository:.*|repository: gcr.io\/jenkins-x-labs-bdd\/bdd-gh-1586242880|" values.yaml
sed -i -e "s/tag:.*/tag: 0.0.0-SNAPSHOT-PR-1-1/" values.yaml
echo "  version: 0.0.0-SNAPSHOT-PR-1-1" >> requirements.yaml
** step helm build
WARNING: No $CHART_REPOSITORY defined so using the default value of: http://jenkins-x-chartmuseum:8080
Adding missing Helm repo: storage.googleapis.com https://storage.googleapis.com/chartmuseum.jenkins-x.io
Successfully added Helm repository storage.googleapis.com.
Adding missing Helm repo: jenkins-x-chartmuseum http://jenkins-x-chartmuseum:8080
Successfully added Helm repository jenkins-x-chartmuseum.
WARNING: No $CHART_REPOSITORY defined so using the default value of: http://jenkins-x-chartmuseum:8080

Showing logs for build [32mjenkins-x-labs-bot-bdd-gh-15862-xxsdl-1[0m stage [32mfrom-build-pack[0m and container [32mstep-promote-jx-preview[0m
Creating a preview
Created environment ******************-bdd-gh-1586242880-pr-1
Namespace **-******************-bdd-gh-1586242880-pr-1 created 
expose:
  Annotations:
    helm.sh/hook: post-install,post-upgrade
    helm.sh/hook-delete-policy: hook-succeeded
  config:
    domain: 104.155.75.140.nip.io
    exposer: Ingress
    http: "true"
preview:
  image:
    repository: gcr.io/jenkins-x-labs-bdd/bdd-gh-1586242880
    tag: 0.0.0-SNAPSHOT-PR-1-1
adding helm values file /workspace/source/charts/preview/**Requirements.values.yaml for namespace **-******************-bdd-gh-1586242880-pr-1
Updating PipelineActivities ******************-bdd-gh-1586242880-pr-1-1 which has status Running
WARNING: preview application http://bdd-gh-1586242880-**-******************-bdd-gh-1586242880-pr-1.104.155.75.140.nip.io not available, error was 503 503 Service Temporarily Unavailable, delaying for: 1.252573036s
WARNING: preview application http://bdd-gh-1586242880-**-******************-bdd-gh-1586242880-pr-1.104.155.75.140.nip.io not available, error was 503 503 Service Temporarily Unavailable, delaying for: 1.795078749s
Preview application is now available at: http://bdd-gh-1586242880-**-******************-bdd-gh-1586242880-pr-1.104.155.75.140.nip.io
